/*C12*/SET SCHEMA PUBLIC
DELETE FROM DATABASECHANGELOGLOCK WHERE ID=1
INSERT INTO DATABASECHANGELOGLOCK VALUES(1,TRUE,'2022-04-11 17:55:27.190000','192.168.88.243 (192.168.88.243)')
COMMIT
DELETE FROM DATABASECHANGELOGLOCK WHERE ID=1
INSERT INTO DATABASECHANGELOGLOCK VALUES(1,FALSE,NULL,NULL)
COMMIT
DISCONNECT
/*C13*/SET SCHEMA PUBLIC
DISCONNECT
/*C14*/SET SCHEMA PUBLIC
DISCONNECT
/*C15*/SET SCHEMA PUBLIC
DISCONNECT
/*C16*/SET SCHEMA PUBLIC
DISCONNECT
/*C17*/SET SCHEMA PUBLIC
DISCONNECT
/*C18*/SET SCHEMA PUBLIC
DISCONNECT
/*C19*/SET SCHEMA PUBLIC
DISCONNECT
/*C20*/SET SCHEMA PUBLIC
DISCONNECT
/*C21*/SET SCHEMA PUBLIC
DISCONNECT
